<?xml version="1.0" encoding="UTF-8"?>
<!-- Generated by org.testng.reporters.JUnitReportReporter -->
<testsuite hostname="rono-PC" name="me.jzz.study.gof.test.state.StateTest" tests="1" failures="0" timestamp="13 Apr 2015 06:37:57 GMT" time="0.012" errors="0">
  <testcase name="stateTest" time="0.012" classname="me.jzz.study.gof.test.state.StateTest"/>
</testsuite> <!-- me.jzz.study.gof.test.state.StateTest -->
