<?xml version="1.0" encoding="UTF-8"?>
<!-- Generated by org.testng.reporters.JUnitReportReporter -->
<testsuite hostname="rono-PC" name="me.jzz.study.gof.test.Memento.MementoTest" tests="1" failures="0" timestamp="13 Apr 2015 03:02:34 GMT" time="0.017" errors="0">
  <testcase name="mementoTest" time="0.017" classname="me.jzz.study.gof.test.Memento.MementoTest"/>
</testsuite> <!-- me.jzz.study.gof.test.Memento.MementoTest -->
