<?xml version="1.0" encoding="UTF-8"?>
<!-- Generated by org.testng.reporters.JUnitReportReporter -->
<testsuite hostname="rono-PC" name="me.jzz.study.gof.test.interpreter.InterpreterTest" tests="1" failures="0" timestamp="14 Apr 2015 06:44:14 GMT" time="0.016" errors="0">
  <testcase name="test" time="0.016" classname="me.jzz.study.gof.test.interpreter.InterpreterTest"/>
</testsuite> <!-- me.jzz.study.gof.test.interpreter.InterpreterTest -->
