<?xml version="1.0" encoding="UTF-8"?>
<!-- Generated by org.testng.reporters.JUnitReportReporter -->
<testsuite hostname="rono-PC" name="me.jzz.study.gof.test.iterator.IteratorTest" tests="1" failures="0" timestamp="12 Apr 2015 08:04:50 GMT" time="0.015" errors="0">
  <testcase name="iteratorTest" time="0.015" classname="me.jzz.study.gof.test.iterator.IteratorTest"/>
</testsuite> <!-- me.jzz.study.gof.test.iterator.IteratorTest -->
