<?xml version="1.0" encoding="UTF-8"?>
<!-- Generated by org.testng.reporters.JUnitReportReporter -->
<testsuite hostname="rono-PC" name="me.jzz.study.gof.test.command.CommandTest" tests="1" failures="0" timestamp="13 Apr 2015 02:20:47 GMT" time="0.013" errors="0">
  <testcase name="commandTest" time="0.013" classname="me.jzz.study.gof.test.command.CommandTest"/>
</testsuite> <!-- me.jzz.study.gof.test.command.CommandTest -->
