<?xml version="1.0" encoding="UTF-8"?>
<!-- Generated by org.testng.reporters.JUnitReportReporter -->
<testsuite hostname="rono-PC" name="me.jzz.study.gof.test.mediator.MediatorTest" tests="1" failures="0" timestamp="14 Apr 2015 03:13:19 GMT" time="0.000" errors="0">
  <testcase name="test" time="0.000" classname="me.jzz.study.gof.test.mediator.MediatorTest"/>
</testsuite> <!-- me.jzz.study.gof.test.mediator.MediatorTest -->
