<?xml version="1.0" encoding="UTF-8"?>
<!-- Generated by org.testng.reporters.JUnitReportReporter -->
<testsuite hostname="rono-PC" name="me.jzz.study.gof.flyweight.FlyWeightTest" tests="1" failures="0" timestamp="12 Apr 2015 01:54:08 GMT" time="0.016" errors="0">
  <testcase name="flyWeightTest" time="0.016" classname="me.jzz.study.gof.flyweight.FlyWeightTest"/>
</testsuite> <!-- me.jzz.study.gof.flyweight.FlyWeightTest -->
