<?xml version="1.0" encoding="UTF-8"?>
<!-- Generated by org.testng.reporters.JUnitReportReporter -->
<testsuite hostname="rono-PC" name="me.jzz.study.gof.composite.CompositeTest" tests="1" failures="0" timestamp="12 Apr 2015 00:52:26 GMT" time="0.010" errors="0">
  <testcase name="compositeTest" time="0.010" classname="me.jzz.study.gof.composite.CompositeTest"/>
</testsuite> <!-- me.jzz.study.gof.composite.CompositeTest -->
