<?xml version="1.0" encoding="UTF-8"?>
<!-- Generated by org.testng.reporters.JUnitReportReporter -->
<testsuite hostname="rono-PC" name="me.jzz.study.gof.test.ChainOfResposibility.ChainOfResposibilityTest" tests="1" failures="0" timestamp="12 Apr 2015 08:48:22 GMT" time="0.015" errors="0">
  <testcase name="test" time="0.015" classname="me.jzz.study.gof.test.ChainOfResposibility.ChainOfResposibilityTest"/>
</testsuite> <!-- me.jzz.study.gof.test.ChainOfResposibility.ChainOfResposibilityTest -->
