<?xml version="1.0" encoding="UTF-8"?>
<!-- Generated by org.testng.reporters.JUnitReportReporter -->
<testsuite hostname="rono-PC" name="me.jzz.study.gof.test.observer.ObserverTest" tests="1" failures="0" timestamp="12 Apr 2015 07:13:22 GMT" time="0.015" errors="0">
  <testcase name="observerTest" time="0.015" classname="me.jzz.study.gof.test.observer.ObserverTest"/>
</testsuite> <!-- me.jzz.study.gof.test.observer.ObserverTest -->
