<?xml version="1.0" encoding="UTF-8"?>
<!-- Generated by org.testng.reporters.JUnitReportReporter -->
<testsuite hostname="rono-PC" name="me.jzz.study.jdk.test.collection.LinkedListTest" tests="1" failures="0" timestamp="27 Apr 2015 02:46:02 GMT" time="86.336" errors="0">
  <testcase name="test" time="86.336" classname="me.jzz.study.jdk.test.collection.LinkedListTest"/>
</testsuite> <!-- me.jzz.study.jdk.test.collection.LinkedListTest -->
