<?xml version="1.0" encoding="UTF-8"?>
<!-- Generated by org.testng.reporters.JUnitReportReporter -->
<testsuite hostname="rono-PC" name="me.jzz.study.jdk.test.integer.IntegerTest" tests="2" failures="0" timestamp="17 Apr 2015 03:10:05 GMT" time="12.866" errors="0">
  <testcase name="test1" time="12.851" classname="me.jzz.study.jdk.test.integer.IntegerTest"/>
  <testcase name="test" time="0.015" classname="me.jzz.study.jdk.test.integer.IntegerTest"/>
</testsuite> <!-- me.jzz.study.jdk.test.integer.IntegerTest -->
