<?xml version="1.0" encoding="UTF-8"?>
<!-- Generated by org.testng.reporters.JUnitReportReporter -->
<testsuite hostname="rono-PC" name="me.jzz.study.jdk.test.collection.ArrayListTest" tests="1" failures="0" timestamp="24 Apr 2015 02:38:02 GMT" time="0.010" errors="0">
  <testcase name="test" time="0.010" classname="me.jzz.study.jdk.test.collection.ArrayListTest"/>
</testsuite> <!-- me.jzz.study.jdk.test.collection.ArrayListTest -->
