<?xml version="1.0" encoding="UTF-8"?>
<!-- Generated by org.testng.reporters.JUnitReportReporter -->
<testsuite hostname="rono-PC" name="me.jzz.study.jdk.test.string.StringTest" tests="1" failures="0" timestamp="15 Apr 2015 09:49:01 GMT" time="0.011" errors="0">
  <testcase name="test1" time="0.011" classname="me.jzz.study.jdk.test.string.StringTest"/>
</testsuite> <!-- me.jzz.study.jdk.test.string.StringTest -->
