<?xml version="1.0" encoding="UTF-8"?>
<!-- Generated by org.testng.reporters.JUnitReportReporter -->
<testsuite hostname="rono-PC" name="me.jzz.study.jdk.test.longs.LongTest" tests="1" failures="0" timestamp="17 Apr 2015 03:43:02 GMT" time="0.009" errors="0">
  <testcase name="test" time="0.009" classname="me.jzz.study.jdk.test.longs.LongTest"/>
</testsuite> <!-- me.jzz.study.jdk.test.longs.LongTest -->
