<?xml version="1.0" encoding="UTF-8"?>
<!-- Generated by org.testng.reporters.JUnitReportReporter -->
<testsuite hostname="rono-PC" name="me.jzz.study.jdk.test.string.StringBufferStringBuilderTest" tests="1" failures="0" timestamp="15 Apr 2015 10:36:32 GMT" time="0.012" errors="0">
  <testcase name="test" time="0.012" classname="me.jzz.study.jdk.test.string.StringBufferStringBuilderTest"/>
</testsuite> <!-- me.jzz.study.jdk.test.string.StringBufferStringBuilderTest -->
