<?xml version="1.0" encoding="UTF-8"?>
<!-- Generated by org.testng.reporters.JUnitReportReporter -->
<testsuite hostname="rono-PC" name="me.jzz.study.jdk.test.number.ShortTest" tests="1" failures="0" timestamp="16 Apr 2015 03:07:15 GMT" time="0.012" errors="0">
  <testcase name="test" time="0.012" classname="me.jzz.study.jdk.test.number.ShortTest"/>
</testsuite> <!-- me.jzz.study.jdk.test.number.ShortTest -->
